<?xml version="1.0" encoding="UTF-8"?>
<!-- Generated by org.testng.reporters.JUnitXMLReporter -->
<testsuite hostname="DESKTOP-8EL6NRT" ignored="0" name="Command line test" tests="6" failures="0" timestamp="07 Mar 2020 14:53:00 GMT" time="0.154" errors="0">
  <testcase name="browserAutomationAppium" time="0.024" classname="surya.com.AppiumTest"/>
  <testcase name="validateLoginAppium" time="0.001" classname="surya.com.AppiumTest"/>
  <testcase name="browserAutomationAPI" time="0.0" classname="surya.com.RestAPITest"/>
  <testcase name="validateLoginAPI" time="0.002" classname="surya.com.RestAPITest"/>
  <testcase name="browserAutomation" time="0.0" classname="surya.com.SeleniumTest"/>
  <testcase name="validateLogin" time="0.001" classname="surya.com.SeleniumTest"/>
</testsuite> <!-- Command line test -->
